c:\users\liamv\onedrive - university of south wales\documents\uni work\mcomp\oo structure\term 1\coursework\collision detection algorithms\debug\vc141.pdb
c:\users\liamv\onedrive - university of south wales\documents\uni work\mcomp\oo structure\term 1\coursework\collision detection algorithms\debug\vc141.idb
c:\users\liamv\onedrive - university of south wales\documents\uni work\mcomp\oo structure\term 1\coursework\collision detection algorithms\debug\quadtree.obj
c:\users\liamv\onedrive - university of south wales\documents\uni work\mcomp\oo structure\term 1\coursework\collision detection algorithms\debug\quadcollision.obj
c:\users\liamv\onedrive - university of south wales\documents\uni work\mcomp\oo structure\term 1\coursework\collision detection algorithms\debug\pworld.obj
c:\users\liamv\onedrive - university of south wales\documents\uni work\mcomp\oo structure\term 1\coursework\collision detection algorithms\debug\pcontacts.obj
c:\users\liamv\onedrive - university of south wales\documents\uni work\mcomp\oo structure\term 1\coursework\collision detection algorithms\debug\particlecollision.obj
c:\users\liamv\onedrive - university of south wales\documents\uni work\mcomp\oo structure\term 1\coursework\collision detection algorithms\debug\particle.obj
c:\users\liamv\onedrive - university of south wales\documents\uni work\mcomp\oo structure\term 1\coursework\collision detection algorithms\debug\nodetree.obj
c:\users\liamv\onedrive - university of south wales\documents\uni work\mcomp\oo structure\term 1\coursework\collision detection algorithms\debug\main.obj
c:\users\liamv\onedrive - university of south wales\documents\uni work\mcomp\oo structure\term 1\coursework\collision detection algorithms\debug\blobdemo.obj
c:\users\liamv\onedrive - university of south wales\documents\uni work\mcomp\oo structure\term 1\coursework\collision detection algorithms\debug\app.obj
d:\users\liamv\documents\onedrive - university of south wales\documents\uni work\mcomp\oo structure\term 1\coursework\collision detection algorithms\debug\vc141.pdb
d:\users\liamv\documents\onedrive - university of south wales\documents\uni work\mcomp\oo structure\term 1\coursework\collision detection algorithms\debug\vc141.idb
d:\users\liamv\documents\onedrive - university of south wales\documents\uni work\mcomp\oo structure\term 1\coursework\collision detection algorithms\debug\quadtree.obj
d:\users\liamv\documents\onedrive - university of south wales\documents\uni work\mcomp\oo structure\term 1\coursework\collision detection algorithms\debug\quadcollision.obj
d:\users\liamv\documents\onedrive - university of south wales\documents\uni work\mcomp\oo structure\term 1\coursework\collision detection algorithms\debug\pworld.obj
d:\users\liamv\documents\onedrive - university of south wales\documents\uni work\mcomp\oo structure\term 1\coursework\collision detection algorithms\debug\pcontacts.obj
d:\users\liamv\documents\onedrive - university of south wales\documents\uni work\mcomp\oo structure\term 1\coursework\collision detection algorithms\debug\blobdemo.obj
d:\users\liamv\documents\onedrive - university of south wales\documents\uni work\mcomp\oo structure\term 1\coursework\collision detection algorithms\debug\main.obj
d:\users\liamv\documents\onedrive - university of south wales\documents\uni work\mcomp\oo structure\term 1\coursework\collision detection algorithms\debug\nodetree.obj
d:\users\liamv\documents\onedrive - university of south wales\documents\uni work\mcomp\oo structure\term 1\coursework\collision detection algorithms\debug\particle.obj
c:\users\liamv\onedrive - university of south wales\documents\uni work\mcomp\oo structure\term 1\coursework\collision detection algorithms\debug\sphere.exe
c:\users\liamv\onedrive - university of south wales\documents\uni work\mcomp\oo structure\term 1\coursework\collision detection algorithms\debug\sphere.ilk
c:\users\liamv\onedrive - university of south wales\documents\uni work\mcomp\oo structure\term 1\coursework\collision detection algorithms\debug\sphere.pdb
d:\users\liamv\documents\onedrive - university of south wales\documents\uni work\mcomp\oo structure\term 1\coursework\collision detection algorithms\debug\app-desktop-4dnq2pu.obj
d:\users\liamv\documents\onedrive - university of south wales\documents\uni work\mcomp\oo structure\term 1\coursework\collision detection algorithms\debug\app.obj
d:\users\liamv\documents\onedrive - university of south wales\documents\uni work\mcomp\oo structure\term 1\coursework\collision detection algorithms\debug\blobdemo-desktop-4dnq2pu-2.obj
d:\users\liamv\documents\onedrive - university of south wales\documents\uni work\mcomp\oo structure\term 1\coursework\collision detection algorithms\debug\blobdemo-desktop-4dnq2pu.obj
d:\users\liamv\documents\onedrive - university of south wales\documents\uni work\mcomp\oo structure\term 1\coursework\collision detection algorithms\debug\main-desktop-4dnq2pu.obj
d:\users\liamv\documents\onedrive - university of south wales\documents\uni work\mcomp\oo structure\term 1\coursework\collision detection algorithms\debug\nodetree-desktop-4dnq2pu.obj
d:\users\liamv\documents\onedrive - university of south wales\documents\uni work\mcomp\oo structure\term 1\coursework\collision detection algorithms\debug\particle-desktop-4dnq2pu.obj
d:\users\liamv\documents\onedrive - university of south wales\documents\uni work\mcomp\oo structure\term 1\coursework\collision detection algorithms\debug\pcontacts-desktop-4dnq2pu.obj
d:\users\liamv\documents\onedrive - university of south wales\documents\uni work\mcomp\oo structure\term 1\coursework\collision detection algorithms\debug\pworld-desktop-4dnq2pu.obj
d:\users\liamv\documents\onedrive - university of south wales\documents\uni work\mcomp\oo structure\term 1\coursework\collision detection algorithms\debug\quadtree-desktop-4dnq2pu.obj
d:\users\liamv\documents\onedrive - university of south wales\documents\uni work\mcomp\oo structure\term 1\coursework\collision detection algorithms\debug\sphere-desktop-4dnq2pu-2.ilk
d:\users\liamv\documents\onedrive - university of south wales\documents\uni work\mcomp\oo structure\term 1\coursework\collision detection algorithms\debug\sphere-desktop-4dnq2pu.ilk
d:\users\liamv\documents\onedrive - university of south wales\documents\uni work\mcomp\oo structure\term 1\coursework\collision detection algorithms\debug\sphere.ilk
d:\users\liamv\documents\onedrive - university of south wales\documents\uni work\mcomp\oo structure\term 1\coursework\collision detection algorithms\debug\vc140.idb
d:\users\liamv\documents\onedrive - university of south wales\documents\uni work\mcomp\oo structure\term 1\coursework\collision detection algorithms\debug\vc141-desktop-4dnq2pu-2.idb
d:\users\liamv\documents\onedrive - university of south wales\documents\uni work\mcomp\oo structure\term 1\coursework\collision detection algorithms\debug\vc141-desktop-4dnq2pu.idb
d:\users\liamv\documents\onedrive - university of south wales\documents\uni work\mcomp\oo structure\term 1\coursework\collision detection algorithms\debug\sphere-desktop-4dnq2pu-2.pdb
d:\users\liamv\documents\onedrive - university of south wales\documents\uni work\mcomp\oo structure\term 1\coursework\collision detection algorithms\debug\sphere-desktop-4dnq2pu.pdb
d:\users\liamv\documents\onedrive - university of south wales\documents\uni work\mcomp\oo structure\term 1\coursework\collision detection algorithms\debug\sphere.pdb
d:\users\liamv\documents\onedrive - university of south wales\documents\uni work\mcomp\oo structure\term 1\coursework\collision detection algorithms\debug\vc140.pdb
d:\users\liamv\documents\onedrive - university of south wales\documents\uni work\mcomp\oo structure\term 1\coursework\collision detection algorithms\debug\vc141-desktop-4dnq2pu-2.pdb
d:\users\liamv\documents\onedrive - university of south wales\documents\uni work\mcomp\oo structure\term 1\coursework\collision detection algorithms\debug\vc141-desktop-4dnq2pu.pdb
d:\users\liamv\documents\onedrive - university of south wales\documents\uni work\mcomp\oo structure\term 1\coursework\collision detection algorithms\debug\..\debug\sphere.pdb
d:\users\liamv\documents\onedrive - university of south wales\documents\uni work\mcomp\oo structure\term 1\coursework\collision detection algorithms\sphere\..\debug\sphere.exe
d:\users\liamv\documents\onedrive - university of south wales\documents\uni work\mcomp\oo structure\term 1\coursework\collision detection algorithms\debug\..\debug\sphere.ilk
d:\users\liamv\documents\onedrive - university of south wales\documents\uni work\mcomp\oo structure\term 1\coursework\collision detection algorithms\debug\sphere.tlog\cl.command.1-desktop-4dnq2pu-2.tlog
d:\users\liamv\documents\onedrive - university of south wales\documents\uni work\mcomp\oo structure\term 1\coursework\collision detection algorithms\debug\sphere.tlog\cl.command.1-desktop-4dnq2pu.tlog
d:\users\liamv\documents\onedrive - university of south wales\documents\uni work\mcomp\oo structure\term 1\coursework\collision detection algorithms\debug\sphere.tlog\cl.command.1.tlog
d:\users\liamv\documents\onedrive - university of south wales\documents\uni work\mcomp\oo structure\term 1\coursework\collision detection algorithms\debug\sphere.tlog\cl.read.1-desktop-4dnq2pu-desktop-4dnq2pu.tlog
d:\users\liamv\documents\onedrive - university of south wales\documents\uni work\mcomp\oo structure\term 1\coursework\collision detection algorithms\debug\sphere.tlog\cl.write.1-desktop-4dnq2pu-desktop-4dnq2pu.tlog
d:\users\liamv\documents\onedrive - university of south wales\documents\uni work\mcomp\oo structure\term 1\coursework\collision detection algorithms\debug\sphere.tlog\link.command.1-desktop-4dnq2pu-2.tlog
d:\users\liamv\documents\onedrive - university of south wales\documents\uni work\mcomp\oo structure\term 1\coursework\collision detection algorithms\debug\sphere.tlog\link.command.1-desktop-4dnq2pu.tlog
d:\users\liamv\documents\onedrive - university of south wales\documents\uni work\mcomp\oo structure\term 1\coursework\collision detection algorithms\debug\sphere.tlog\link.command.1.tlog
d:\users\liamv\documents\onedrive - university of south wales\documents\uni work\mcomp\oo structure\term 1\coursework\collision detection algorithms\debug\sphere.tlog\link.read.1-desktop-4dnq2pu-desktop-4dnq2pu.tlog
d:\users\liamv\documents\onedrive - university of south wales\documents\uni work\mcomp\oo structure\term 1\coursework\collision detection algorithms\debug\sphere.tlog\link.write.1-desktop-4dnq2pu-desktop-4dnq2pu.tlog
